#
# A fatal error has been detected by the Java Runtime Environment:
#
#  EXCEPTION_ACCESS_VIOLATION (0xc0000005) at pc=0x00007ff954e13110, pid=9636, tid=9060
#
# JRE version: Java(TM) SE Runtime Environment (9.0+11) (build 9.0.1+11)
# Java VM: Java HotSpot(TM) 64-Bit Server VM (9.0.1+11, mixed mode, tiered, compressed oops, g1 gc, windows-amd64)
# Problematic frame:
# C  [msvcrt.dll+0x73110]
#
# No core dump will be written. Minidumps are not enabled by default on client versions of Windows
#
# If you would like to submit a bug report, please visit:
#   http://bugreport.java.com/bugreport/crash.jsp
# The crash happened outside the Java Virtual Machine in native code.
# See problematic frame for where to report the bug.
#

---------------  S U M M A R Y ------------

Command Line: -javaagent:C:\Program Files\JetBrains\IntelliJ IDEA 2017.3.1\lib\idea_rt.jar=54015:C:\Program Files\JetBrains\IntelliJ IDEA 2017.3.1\bin -Dfile.encoding=UTF-8 com.mygdx.game.desktop.DesktopLauncher

Host: Intel(R) Core(TM) i7-3770K CPU @ 3.50GHz, 8 cores, 15G,  Windows 10 , 64 bit Build 16299 (10.0.16299.15)
Time: Tue Dec 26 18:35:46 2017 Eastern Standard Time elapsed time: 1 seconds (0d 0h 0m 1s)

---------------  T H R E A D  ---------------

Current thread (0x0000025adc565000):  JavaThread "LWJGL Application" [_thread_in_native, id=9060, stack(0x0000008356800000,0x0000008356900000)]

Stack: [0x0000008356800000,0x0000008356900000],  sp=0x00000083568fe808,  free space=1018k
Native frames: (J=compiled Java code, j=interpreted, Vv=VM code, C=native code)
C  [msvcrt.dll+0x73110]
C  [gdx64.dll+0x3a34]
C  0x0000025abedb919c

Java frames: (J=compiled Java code, j=interpreted, Vv=VM code)
j  com.badlogic.gdx.utils.BufferUtils.copyJni([FLjava/nio/Buffer;II)V+0
j  com.badlogic.gdx.utils.BufferUtils.copy([FLjava/nio/Buffer;II)V+35
j  com.badlogic.gdx.graphics.glutils.VertexArray.setVertices([FII)V+7
j  com.badlogic.gdx.graphics.Mesh.setVertices([FII)Lcom/badlogic/gdx/graphics/Mesh;+7
j  com.badlogic.gdx.graphics.g2d.SpriteBatch.flush()V+76
j  com.badlogic.gdx.graphics.g2d.SpriteBatch.end()V+25
j  com.badlogic.gdx.maps.tiled.renderers.BatchTiledMapRenderer.endRender()V+4
j  com.badlogic.gdx.maps.tiled.renderers.BatchTiledMapRenderer.render()V+43
j  com.mygdx.game.MapHandler.render(F)V+15
j  com.mygdx.game.GameMain.render()V+74
j  com.badlogic.gdx.backends.lwjgl.LwjglApplication.mainLoop()V+698
j  com.badlogic.gdx.backends.lwjgl.LwjglApplication$1.run()V+27
v  ~StubRoutines::call_stub

siginfo: EXCEPTION_ACCESS_VIOLATION (0xc0000005), writing address 0x0000025adc17ca10


Register to memory mapping:

RIP=0x00007ff954e13110 msvcrt.dll
RAX=0x0000025adc17ca20 is an unknown value
RBX=0x0000025adc565218 is an unknown value
RCX=0x0000025adc17ca00 is an unknown value
RDX=0xfffffdabf38178a0 is an unknown value
RSP=0x00000083568fe808 is pointing into the stack for thread: 0x0000025adc565000
RBP=0x0000025adc175d10 is an unknown value
RSI=0x00000083568fe938 is pointing into the stack for thread: 0x0000025adc565000
RDI=0x00000006cf98d5b0 is pointing into object: 0x00000006cf98d5a0
[F 
{0x00000006cf98d5a0} - klass: {type array float}
 - length: 20000
R8 =0x0000000000000010 is an unknown value
R9 =0x0000000000000368 is an unknown value
R10=0x000000000000000c is an unknown value
R11=0x0000025adc175d10 is an unknown value
R12=0x0000000000000000 is an unknown value
R13=0x0000000000001b44 is an unknown value
R14=0x00000083568fe938 is pointing into the stack for thread: 0x0000025adc565000
R15=0x0000025adc565000 is a thread


Registers:
RAX=0x0000025adc17ca20, RBX=0x0000025adc565218, RCX=0x0000025adc17ca00, RDX=0xfffffdabf38178a0
RSP=0x00000083568fe808, RBP=0x0000025adc175d10, RSI=0x00000083568fe938, RDI=0x00000006cf98d5b0
R8 =0x0000000000000010, R9 =0x0000000000000368, R10=0x000000000000000c, R11=0x0000025adc175d10
R12=0x0000000000000000, R13=0x0000000000001b44, R14=0x00000083568fe938, R15=0x0000025adc565000
RIP=0x00007ff954e13110, EFLAGS=0x0000000000010206

Top of Stack: (sp=0x00000083568fe808)
0x00000083568fe808:   0000000065583a34 0000025adc565218
0x00000083568fe818:   0000025adc175d10 00000083568fe938
0x00000083568fe828:   000000006a1670b5 0000025adc565001
0x00000083568fe838:   0000025ae3e38770 000000000000133d
0x00000083568fe848:   000000000000133d 00000083568fe900
0x00000083568fe858:   0000000000000000 0000025ae3e38770
0x00000083568fe868:   0000025abedb919c 0000025ade35294c
0x00000083568fe878:   0000000000000000 409f400000000000
0x00000083568fe888:   0000025abedb9820 0000000000001b44
0x00000083568fe898:   0000025a00000000 00000083568fe988
0x00000083568fe8a8:   0000025abf43cd54 0000000067964ff0
0x00000083568fe8b8:   00000083568fe8b8 0000000000000000
0x00000083568fe8c8:   00000083568fe938 0000025ae3e397e0
0x00000083568fe8d8:   0000000000000000 00000006cfc96468
0x00000083568fe8e8:   0000025ae3e38770 0000000000000000
0x00000083568fe8f8:   00000083568fe920 00000083568fe988 

Instructions: (pc=0x00007ff954e13110)
0x00007ff954e130f0:   81 f9 00 20 00 00 0f 87 76 00 00 00 49 83 e0 1f
0x00007ff954e13100:   f3 0f 6f 44 0a f0 f3 0f 6f 4c 0a e0 48 83 e9 20
0x00007ff954e13110:   66 0f 7f 41 10 66 0f 7f 09 49 ff c9 75 e2 e9 54
0x00007ff954e13120:   ff ff ff 66 66 66 66 66 66 66 0f 1f 84 00 00 00 



---------------  P R O C E S S  ---------------

Java Threads: ( => current thread )
  0x0000025ade5d5800 JavaThread "LWJGL Timer" daemon [_thread_blocked, id=15180, stack(0x0000008357300000,0x0000008357400000)]
  0x0000025ab2e3e800 JavaThread "DestroyJavaVM" [_thread_blocked, id=11768, stack(0x0000008354300000,0x0000008354400000)]
=>0x0000025adc565000 JavaThread "LWJGL Application" [_thread_in_native, id=9060, stack(0x0000008356800000,0x0000008356900000)]
  0x0000025adbfc7000 JavaThread "Service Thread" daemon [_thread_blocked, id=12980, stack(0x0000008356400000,0x0000008356500000)]
  0x0000025adbff8000 JavaThread "Monitor Ctrl-Break" daemon [_thread_in_native, id=3592, stack(0x0000008356300000,0x0000008356400000)]
  0x0000025adbd95800 JavaThread "Common-Cleaner" daemon [_thread_blocked, id=248, stack(0x0000008356200000,0x0000008356300000)]
  0x0000025adbcd2800 JavaThread "Sweeper thread" daemon [_thread_blocked, id=10284, stack(0x0000008356100000,0x0000008356200000)]
  0x0000025adbcc2000 JavaThread "C1 CompilerThread3" daemon [_thread_blocked, id=2104, stack(0x0000008356000000,0x0000008356100000)]
  0x0000025adbcb6800 JavaThread "C2 CompilerThread2" daemon [_thread_blocked, id=3328, stack(0x0000008355f00000,0x0000008356000000)]
  0x0000025adbcb5800 JavaThread "C2 CompilerThread1" daemon [_thread_blocked, id=9820, stack(0x0000008355e00000,0x0000008355f00000)]
  0x0000025adbcb5000 JavaThread "C2 CompilerThread0" daemon [_thread_blocked, id=904, stack(0x0000008355d00000,0x0000008355e00000)]
  0x0000025adbcb0000 JavaThread "Attach Listener" daemon [_thread_blocked, id=8112, stack(0x0000008355c00000,0x0000008355d00000)]
  0x0000025adbcaf800 JavaThread "Signal Dispatcher" daemon [_thread_blocked, id=15060, stack(0x0000008355b00000,0x0000008355c00000)]
  0x0000025adbc5d800 JavaThread "Finalizer" daemon [_thread_blocked, id=10252, stack(0x0000008355a00000,0x0000008355b00000)]
  0x0000025adbc54000 JavaThread "Reference Handler" daemon [_thread_blocked, id=12000, stack(0x0000008355900000,0x0000008355a00000)]

Other Threads:
  0x0000025adb44c000 VMThread "VM Thread" [stack: 0x0000008355800000,0x0000008355900000] [id=13956]
  0x0000025adbfe2800 WatcherThread [stack: 0x0000008356500000,0x0000008356600000] [id=4156]
  0x0000025ab2e54800 GCTaskThread "GC Thread#0" [stack: 0x0000008354400000,0x0000008354500000] [id=7264]
  0x0000025ab2e56000 GCTaskThread "GC Thread#1" [stack: 0x0000008354500000,0x0000008354600000] [id=2676]
  0x0000025ab2e57800 GCTaskThread "GC Thread#2" [stack: 0x0000008354600000,0x0000008354700000] [id=10332]
  0x0000025ab2e5a000 GCTaskThread "GC Thread#3" [stack: 0x0000008354700000,0x0000008354800000] [id=1660]
  0x0000025ab2e5c800 GCTaskThread "GC Thread#4" [stack: 0x0000008354800000,0x0000008354900000] [id=8104]
  0x0000025ab2e60800 GCTaskThread "GC Thread#5" [stack: 0x0000008354900000,0x0000008354a00000] [id=14136]
  0x0000025ab2e62000 GCTaskThread "GC Thread#6" [stack: 0x0000008354a00000,0x0000008354b00000] [id=14224]
  0x0000025ab2e68000 GCTaskThread "GC Thread#7" [stack: 0x0000008354b00000,0x0000008354c00000] [id=11936]
  0x0000025ab2ee9800 ConcurrentGCThread "G1 Main Marker" [stack: 0x0000008355500000,0x0000008355600000] [id=10784]
  0x0000025ab2eea000 ConcurrentGCThread "G1 Marker#0" [stack: 0x0000008355600000,0x0000008355700000] [id=14196]
  0x0000025ab2eea800 ConcurrentGCThread "G1 Marker#1" [stack: 0x0000008355700000,0x0000008355800000] [id=7220]
  0x0000025ab2e79000 ConcurrentGCThread "G1 Refine#0" [stack: 0x0000008355300000,0x0000008355400000] [id=5612]
  0x0000025ab2e76000 ConcurrentGCThread "G1 Refine#1" [stack: 0x0000008355200000,0x0000008355300000] [id=10796]
  0x0000025ab2e7c800 ConcurrentGCThread "G1 Refine#2" [stack: 0x0000008355100000,0x0000008355200000] [id=5896]
  0x0000025ab2e7a800 ConcurrentGCThread "G1 Refine#3" [stack: 0x0000008355000000,0x0000008355100000] [id=4368]
  0x0000025ab2e7a000 ConcurrentGCThread "G1 Refine#4" [stack: 0x0000008354f00000,0x0000008355000000] [id=13708]
  0x0000025ab2e75800 ConcurrentGCThread "G1 Refine#5" [stack: 0x0000008354e00000,0x0000008354f00000] [id=1976]
  0x0000025ab2e74800 ConcurrentGCThread "G1 Refine#6" [stack: 0x0000008354d00000,0x0000008354e00000] [id=3432]
  0x0000025ab2e6e800 ConcurrentGCThread "G1 Refine#7" [stack: 0x0000008354c00000,0x0000008354d00000] [id=10596]
  0x0000025ab2e92800 ConcurrentGCThread "G1 Young RemSet Sampling" [stack: 0x0000008355400000,0x0000008355500000] [id=8564]

Threads with active compile tasks:

VM state:not at safepoint (normal execution)

VM Mutex/Monitor currently owned by a thread: None

Heap address: 0x00000006c0c00000, size: 4084 MB, Compressed Oops mode: Zero based, Oop shift amount: 3
Narrow klass base: 0x0000000000000000, Narrow klass shift: 3
Compressed class space size: 1073741824 Address: 0x00000007c0000000

Heap:
 garbage-first heap   total 262144K, used 22528K [0x00000006c0c00000, 0x00000006c0d00800, 0x00000007c0000000)
  region size 1024K, 23 young (23552K), 0 survivors (0K)
 Metaspace       used 10597K, capacity 10785K, committed 11008K, reserved 1058816K
  class space    used 886K, capacity 938K, committed 1024K, reserved 1048576K
Heap Regions: E=young(eden), S=young(survivor), O=old, HS=humongous(starts), HC=humongous(continues), CS=collection set, F=free, A=archive, TS=gc time stamp, AC=allocation context, TAMS=top-at-mark-start (previous, next)
|   0|0x00000006c0c00000, 0x00000006c0c00000, 0x00000006c0d00000|  0%| F|  |TS  0|AC  0|TAMS 0x00000006c0c00000, 0x00000006c0c00000|
|   1|0x00000006c0d00000, 0x00000006c0d00000, 0x00000006c0e00000|  0%| F|  |TS  0|AC  0|TAMS 0x00000006c0d00000, 0x00000006c0d00000|
|   2|0x00000006c0e00000, 0x00000006c0e00000, 0x00000006c0f00000|  0%| F|  |TS  0|AC  0|TAMS 0x00000006c0e00000, 0x00000006c0e00000|
|   3|0x00000006c0f00000, 0x00000006c0f00000, 0x00000006c1000000|  0%| F|  |TS  0|AC  0|TAMS 0x00000006c0f00000, 0x00000006c0f00000|
|   4|0x00000006c1000000, 0x00000006c1000000, 0x00000006c1100000|  0%| F|  |TS  0|AC  0|TAMS 0x00000006c1000000, 0x00000006c1000000|
|   5|0x00000006c1100000, 0x00000006c1100000, 0x00000006c1200000|  0%| F|  |TS  0|AC  0|TAMS 0x00000006c1100000, 0x00000006c1100000|
|   6|0x00000006c1200000, 0x00000006c1200000, 0x00000006c1300000|  0%| F|  |TS  0|AC  0|TAMS 0x00000006c1200000, 0x00000006c1200000|
|   7|0x00000006c1300000, 0x00000006c1300000, 0x00000006c1400000|  0%| F|  |TS  0|AC  0|TAMS 0x00000006c1300000, 0x00000006c1300000|
|   8|0x00000006c1400000, 0x00000006c1400000, 0x00000006c1500000|  0%| F|  |TS  0|AC  0|TAMS 0x00000006c1400000, 0x00000006c1400000|
|   9|0x00000006c1500000, 0x00000006c1500000, 0x00000006c1600000|  0%| F|  |TS  0|AC  0|TAMS 0x00000006c1500000, 0x00000006c1500000|
|  10|0x00000006c1600000, 0x00000006c1600000, 0x00000006c1700000|  0%| F|  |TS  0|AC  0|TAMS 0x00000006c1600000, 0x00000006c1600000|
|  11|0x00000006c1700000, 0x00000006c1700000, 0x00000006c1800000|  0%| F|  |TS  0|AC  0|TAMS 0x00000006c1700000, 0x00000006c1700000|
|  12|0x00000006c1800000, 0x00000006c1800000, 0x00000006c1900000|  0%| F|  |TS  0|AC  0|TAMS 0x00000006c1800000, 0x00000006c1800000|
|  13|0x00000006c1900000, 0x00000006c1900000, 0x00000006c1a00000|  0%| F|  |TS  0|AC  0|TAMS 0x00000006c1900000, 0x00000006c1900000|
|  14|0x00000006c1a00000, 0x00000006c1a00000, 0x00000006c1b00000|  0%| F|  |TS  0|AC  0|TAMS 0x00000006c1a00000, 0x00000006c1a00000|
|  15|0x00000006c1b00000, 0x00000006c1b00000, 0x00000006c1c00000|  0%| F|  |TS  0|AC  0|TAMS 0x00000006c1b00000, 0x00000006c1b00000|
|  16|0x00000006c1c00000, 0x00000006c1c00000, 0x00000006c1d00000|  0%| F|  |TS  0|AC  0|TAMS 0x00000006c1c00000, 0x00000006c1c00000|
|  17|0x00000006c1d00000, 0x00000006c1d00000, 0x00000006c1e00000|  0%| F|  |TS  0|AC  0|TAMS 0x00000006c1d00000, 0x00000006c1d00000|
|  18|0x00000006c1e00000, 0x00000006c1e00000, 0x00000006c1f00000|  0%| F|  |TS  0|AC  0|TAMS 0x00000006c1e00000, 0x00000006c1e00000|
|  19|0x00000006c1f00000, 0x00000006c1f00000, 0x00000006c2000000|  0%| F|  |TS  0|AC  0|TAMS 0x00000006c1f00000, 0x00000006c1f00000|
|  20|0x00000006c2000000, 0x00000006c2000000, 0x00000006c2100000|  0%| F|  |TS  0|AC  0|TAMS 0x00000006c2000000, 0x00000006c2000000|
|  21|0x00000006c2100000, 0x00000006c2100000, 0x00000006c2200000|  0%| F|  |TS  0|AC  0|TAMS 0x00000006c2100000, 0x00000006c2100000|
|  22|0x00000006c2200000, 0x00000006c2200000, 0x00000006c2300000|  0%| F|  |TS  0|AC  0|TAMS 0x00000006c2200000, 0x00000006c2200000|
|  23|0x00000006c2300000, 0x00000006c2300000, 0x00000006c2400000|  0%| F|  |TS  0|AC  0|TAMS 0x00000006c2300000, 0x00000006c2300000|
|  24|0x00000006c2400000, 0x00000006c2400000, 0x00000006c2500000|  0%| F|  |TS  0|AC  0|TAMS 0x00000006c2400000, 0x00000006c2400000|
|  25|0x00000006c2500000, 0x00000006c2500000, 0x00000006c2600000|  0%| F|  |TS  0|AC  0|TAMS 0x00000006c2500000, 0x00000006c2500000|
|  26|0x00000006c2600000, 0x00000006c2600000, 0x00000006c2700000|  0%| F|  |TS  0|AC  0|TAMS 0x00000006c2600000, 0x00000006c2600000|
|  27|0x00000006c2700000, 0x00000006c2700000, 0x00000006c2800000|  0%| F|  |TS  0|AC  0|TAMS 0x00000006c2700000, 0x00000006c2700000|
|  28|0x00000006c2800000, 0x00000006c2800000, 0x00000006c2900000|  0%| F|  |TS  0|AC  0|TAMS 0x00000006c2800000, 0x00000006c2800000|
|  29|0x00000006c2900000, 0x00000006c2900000, 0x00000006c2a00000|  0%| F|  |TS  0|AC  0|TAMS 0x00000006c2900000, 0x00000006c2900000|
|  30|0x00000006c2a00000, 0x00000006c2a00000, 0x00000006c2b00000|  0%| F|  |TS  0|AC  0|TAMS 0x00000006c2a00000, 0x00000006c2a00000|
|  31|0x00000006c2b00000, 0x00000006c2b00000, 0x00000006c2c00000|  0%| F|  |TS  0|AC  0|TAMS 0x00000006c2b00000, 0x00000006c2b00000|
|  32|0x00000006c2c00000, 0x00000006c2c00000, 0x00000006c2d00000|  0%| F|  |TS  0|AC  0|TAMS 0x00000006c2c00000, 0x00000006c2c00000|
|  33|0x00000006c2d00000, 0x00000006c2d00000, 0x00000006c2e00000|  0%| F|  |TS  0|AC  0|TAMS 0x00000006c2d00000, 0x00000006c2d00000|
|  34|0x00000006c2e00000, 0x00000006c2e00000, 0x00000006c2f00000|  0%| F|  |TS  0|AC  0|TAMS 0x00000006c2e00000, 0x00000006c2e00000|
|  35|0x00000006c2f00000, 0x00000006c2f00000, 0x00000006c3000000|  0%| F|  |TS  0|AC  0|TAMS 0x00000006c2f00000, 0x00000006c2f00000|
|  36|0x00000006c3000000, 0x00000006c3000000, 0x00000006c3100000|  0%| F|  |TS  0|AC  0|TAMS 0x00000006c3000000, 0x00000006c3000000|
|  37|0x00000006c3100000, 0x00000006c3100000, 0x00000006c3200000|  0%| F|  |TS  0|AC  0|TAMS 0x00000006c3100000, 0x00000006c3100000|
|  38|0x00000006c3200000, 0x00000006c3200000, 0x00000006c3300000|  0%| F|  |TS  0|AC  0|TAMS 0x00000006c3200000, 0x00000006c3200000|
|  39|0x00000006c3300000, 0x00000006c3300000, 0x00000006c3400000|  0%| F|  |TS  0|AC  0|TAMS 0x00000006c3300000, 0x00000006c3300000|
|  40|0x00000006c3400000, 0x00000006c3400000, 0x00000006c3500000|  0%| F|  |TS  0|AC  0|TAMS 0x00000006c3400000, 0x00000006c3400000|
|  41|0x00000006c3500000, 0x00000006c3500000, 0x00000006c3600000|  0%| F|  |TS  0|AC  0|TAMS 0x00000006c3500000, 0x00000006c3500000|
|  42|0x00000006c3600000, 0x00000006c3600000, 0x00000006c3700000|  0%| F|  |TS  0|AC  0|TAMS 0x00000006c3600000, 0x00000006c3600000|
|  43|0x00000006c3700000, 0x00000006c3700000, 0x00000006c3800000|  0%| F|  |TS  0|AC  0|TAMS 0x00000006c3700000, 0x00000006c3700000|
|  44|0x00000006c3800000, 0x00000006c3800000, 0x00000006c3900000|  0%| F|  |TS  0|AC  0|TAMS 0x00000006c3800000, 0x00000006c3800000|
|  45|0x00000006c3900000, 0x00000006c3900000, 0x00000006c3a00000|  0%| F|  |TS  0|AC  0|TAMS 0x00000006c3900000, 0x00000006c3900000|
|  46|0x00000006c3a00000, 0x00000006c3a00000, 0x00000006c3b00000|  0%| F|  |TS  0|AC  0|TAMS 0x00000006c3a00000, 0x00000006c3a00000|
|  47|0x00000006c3b00000, 0x00000006c3b00000, 0x00000006c3c00000|  0%| F|  |TS  0|AC  0|TAMS 0x00000006c3b00000, 0x00000006c3b00000|
|  48|0x00000006c3c00000, 0x00000006c3c00000, 0x00000006c3d00000|  0%| F|  |TS  0|AC  0|TAMS 0x00000006c3c00000, 0x00000006c3c00000|
|  49|0x00000006c3d00000, 0x00000006c3d00000, 0x00000006c3e00000|  0%| F|  |TS  0|AC  0|TAMS 0x00000006c3d00000, 0x00000006c3d00000|
|  50|0x00000006c3e00000, 0x00000006c3e00000, 0x00000006c3f00000|  0%| F|  |TS  0|AC  0|TAMS 0x00000006c3e00000, 0x00000006c3e00000|
|  51|0x00000006c3f00000, 0x00000006c3f00000, 0x00000006c4000000|  0%| F|  |TS  0|AC  0|TAMS 0x00000006c3f00000, 0x00000006c3f00000|
|  52|0x00000006c4000000, 0x00000006c4000000, 0x00000006c4100000|  0%| F|  |TS  0|AC  0|TAMS 0x00000006c4000000, 0x00000006c4000000|
|  53|0x00000006c4100000, 0x00000006c4100000, 0x00000006c4200000|  0%| F|  |TS  0|AC  0|TAMS 0x00000006c4100000, 0x00000006c4100000|
|  54|0x00000006c4200000, 0x00000006c4200000, 0x00000006c4300000|  0%| F|  |TS  0|AC  0|TAMS 0x00000006c4200000, 0x00000006c4200000|
|  55|0x00000006c4300000, 0x00000006c4300000, 0x00000006c4400000|  0%| F|  |TS  0|AC  0|TAMS 0x00000006c4300000, 0x00000006c4300000|
|  56|0x00000006c4400000, 0x00000006c4400000, 0x00000006c4500000|  0%| F|  |TS  0|AC  0|TAMS 0x00000006c4400000, 0x00000006c4400000|
|  57|0x00000006c4500000, 0x00000006c4500000, 0x00000006c4600000|  0%| F|  |TS  0|AC  0|TAMS 0x00000006c4500000, 0x00000006c4500000|
|  58|0x00000006c4600000, 0x00000006c4600000, 0x00000006c4700000|  0%| F|  |TS  0|AC  0|TAMS 0x00000006c4600000, 0x00000006c4600000|
|  59|0x00000006c4700000, 0x00000006c4700000, 0x00000006c4800000|  0%| F|  |TS  0|AC  0|TAMS 0x00000006c4700000, 0x00000006c4700000|
|  60|0x00000006c4800000, 0x00000006c4800000, 0x00000006c4900000|  0%| F|  |TS  0|AC  0|TAMS 0x00000006c4800000, 0x00000006c4800000|
|  61|0x00000006c4900000, 0x00000006c4900000, 0x00000006c4a00000|  0%| F|  |TS  0|AC  0|TAMS 0x00000006c4900000, 0x00000006c4900000|
|  62|0x00000006c4a00000, 0x00000006c4a00000, 0x00000006c4b00000|  0%| F|  |TS  0|AC  0|TAMS 0x00000006c4a00000, 0x00000006c4a00000|
|  63|0x00000006c4b00000, 0x00000006c4b00000, 0x00000006c4c00000|  0%| F|  |TS  0|AC  0|TAMS 0x00000006c4b00000, 0x00000006c4b00000|
|  64|0x00000006c4c00000, 0x00000006c4c00000, 0x00000006c4d00000|  0%| F|  |TS  0|AC  0|TAMS 0x00000006c4c00000, 0x00000006c4c00000|
|  65|0x00000006c4d00000, 0x00000006c4d00000, 0x00000006c4e00000|  0%| F|  |TS  0|AC  0|TAMS 0x00000006c4d00000, 0x00000006c4d00000|
|  66|0x00000006c4e00000, 0x00000006c4e00000, 0x00000006c4f00000|  0%| F|  |TS  0|AC  0|TAMS 0x00000006c4e00000, 0x00000006c4e00000|
|  67|0x00000006c4f00000, 0x00000006c4f00000, 0x00000006c5000000|  0%| F|  |TS  0|AC  0|TAMS 0x00000006c4f00000, 0x00000006c4f00000|
|  68|0x00000006c5000000, 0x00000006c5000000, 0x00000006c5100000|  0%| F|  |TS  0|AC  0|TAMS 0x00000006c5000000, 0x00000006c5000000|
|  69|0x00000006c5100000, 0x00000006c5100000, 0x00000006c5200000|  0%| F|  |TS  0|AC  0|TAMS 0x00000006c5100000, 0x00000006c5100000|
|  70|0x00000006c5200000, 0x00000006c5200000, 0x00000006c5300000|  0%| F|  |TS  0|AC  0|TAMS 0x00000006c5200000, 0x00000006c5200000|
|  71|0x00000006c5300000, 0x00000006c5300000, 0x00000006c5400000|  0%| F|  |TS  0|AC  0|TAMS 0x00000006c5300000, 0x00000006c5300000|
|  72|0x00000006c5400000, 0x00000006c5400000, 0x00000006c5500000|  0%| F|  |TS  0|AC  0|TAMS 0x00000006c5400000, 0x00000006c5400000|
|  73|0x00000006c5500000, 0x00000006c5500000, 0x00000006c5600000|  0%| F|  |TS  0|AC  0|TAMS 0x00000006c5500000, 0x00000006c5500000|
|  74|0x00000006c5600000, 0x00000006c5600000, 0x00000006c5700000|  0%| F|  |TS  0|AC  0|TAMS 0x00000006c5600000, 0x00000006c5600000|
|  75|0x00000006c5700000, 0x00000006c5700000, 0x00000006c5800000|  0%| F|  |TS  0|AC  0|TAMS 0x00000006c5700000, 0x00000006c5700000|
|  76|0x00000006c5800000, 0x00000006c5800000, 0x00000006c5900000|  0%| F|  |TS  0|AC  0|TAMS 0x00000006c5800000, 0x00000006c5800000|
|  77|0x00000006c5900000, 0x00000006c5900000, 0x00000006c5a00000|  0%| F|  |TS  0|AC  0|TAMS 0x00000006c5900000, 0x00000006c5900000|
|  78|0x00000006c5a00000, 0x00000006c5a00000, 0x00000006c5b00000|  0%| F|  |TS  0|AC  0|TAMS 0x00000006c5a00000, 0x00000006c5a00000|
|  79|0x00000006c5b00000, 0x00000006c5b00000, 0x00000006c5c00000|  0%| F|  |TS  0|AC  0|TAMS 0x00000006c5b00000, 0x00000006c5b00000|
|  80|0x00000006c5c00000, 0x00000006c5c00000, 0x00000006c5d00000|  0%| F|  |TS  0|AC  0|TAMS 0x00000006c5c00000, 0x00000006c5c00000|
|  81|0x00000006c5d00000, 0x00000006c5d00000, 0x00000006c5e00000|  0%| F|  |TS  0|AC  0|TAMS 0x00000006c5d00000, 0x00000006c5d00000|
|  82|0x00000006c5e00000, 0x00000006c5e00000, 0x00000006c5f00000|  0%| F|  |TS  0|AC  0|TAMS 0x00000006c5e00000, 0x00000006c5e00000|
|  83|0x00000006c5f00000, 0x00000006c5f00000, 0x00000006c6000000|  0%| F|  |TS  0|AC  0|TAMS 0x00000006c5f00000, 0x00000006c5f00000|
|  84|0x00000006c6000000, 0x00000006c6000000, 0x00000006c6100000|  0%| F|  |TS  0|AC  0|TAMS 0x00000006c6000000, 0x00000006c6000000|
|  85|0x00000006c6100000, 0x00000006c6100000, 0x00000006c6200000|  0%| F|  |TS  0|AC  0|TAMS 0x00000006c6100000, 0x00000006c6100000|
|  86|0x00000006c6200000, 0x00000006c6200000, 0x00000006c6300000|  0%| F|  |TS  0|AC  0|TAMS 0x00000006c6200000, 0x00000006c6200000|
|  87|0x00000006c6300000, 0x00000006c6300000, 0x00000006c6400000|  0%| F|  |TS  0|AC  0|TAMS 0x00000006c6300000, 0x00000006c6300000|
|  88|0x00000006c6400000, 0x00000006c6400000, 0x00000006c6500000|  0%| F|  |TS  0|AC  0|TAMS 0x00000006c6400000, 0x00000006c6400000|
|  89|0x00000006c6500000, 0x00000006c6500000, 0x00000006c6600000|  0%| F|  |TS  0|AC  0|TAMS 0x00000006c6500000, 0x00000006c6500000|
|  90|0x00000006c6600000, 0x00000006c6600000, 0x00000006c6700000|  0%| F|  |TS  0|AC  0|TAMS 0x00000006c6600000, 0x00000006c6600000|
|  91|0x00000006c6700000, 0x00000006c6700000, 0x00000006c6800000|  0%| F|  |TS  0|AC  0|TAMS 0x00000006c6700000, 0x00000006c6700000|
|  92|0x00000006c6800000, 0x00000006c6800000, 0x00000006c6900000|  0%| F|  |TS  0|AC  0|TAMS 0x00000006c6800000, 0x00000006c6800000|
|  93|0x00000006c6900000, 0x00000006c6900000, 0x00000006c6a00000|  0%| F|  |TS  0|AC  0|TAMS 0x00000006c6900000, 0x00000006c6900000|
|  94|0x00000006c6a00000, 0x00000006c6a00000, 0x00000006c6b00000|  0%| F|  |TS  0|AC  0|TAMS 0x00000006c6a00000, 0x00000006c6a00000|
|  95|0x00000006c6b00000, 0x00000006c6b00000, 0x00000006c6c00000|  0%| F|  |TS  0|AC  0|TAMS 0x00000006c6b00000, 0x00000006c6b00000|
|  96|0x00000006c6c00000, 0x00000006c6c00000, 0x00000006c6d00000|  0%| F|  |TS  0|AC  0|TAMS 0x00000006c6c00000, 0x00000006c6c00000|
|  97|0x00000006c6d00000, 0x00000006c6d00000, 0x00000006c6e00000|  0%| F|  |TS  0|AC  0|TAMS 0x00000006c6d00000, 0x00000006c6d00000|
|  98|0x00000006c6e00000, 0x00000006c6e00000, 0x00000006c6f00000|  0%| F|  |TS  0|AC  0|TAMS 0x00000006c6e00000, 0x00000006c6e00000|
|  99|0x00000006c6f00000, 0x00000006c6f00000, 0x00000006c7000000|  0%| F|  |TS  0|AC  0|TAMS 0x00000006c6f00000, 0x00000006c6f00000|
| 100|0x00000006c7000000, 0x00000006c7000000, 0x00000006c7100000|  0%| F|  |TS  0|AC  0|TAMS 0x00000006c7000000, 0x00000006c7000000|
| 101|0x00000006c7100000, 0x00000006c7100000, 0x00000006c7200000|  0%| F|  |TS  0|AC  0|TAMS 0x00000006c7100000, 0x00000006c7100000|
| 102|0x00000006c7200000, 0x00000006c7200000, 0x00000006c7300000|  0%| F|  |TS  0|AC  0|TAMS 0x00000006c7200000, 0x00000006c7200000|
| 103|0x00000006c7300000, 0x00000006c7300000, 0x00000006c7400000|  0%| F|  |TS  0|AC  0|TAMS 0x00000006c7300000, 0x00000006c7300000|
| 104|0x00000006c7400000, 0x00000006c7400000, 0x00000006c7500000|  0%| F|  |TS  0|AC  0|TAMS 0x00000006c7400000, 0x00000006c7400000|
| 105|0x00000006c7500000, 0x00000006c7500000, 0x00000006c7600000|  0%| F|  |TS  0|AC  0|TAMS 0x00000006c7500000, 0x00000006c7500000|
| 106|0x00000006c7600000, 0x00000006c7600000, 0x00000006c7700000|  0%| F|  |TS  0|AC  0|TAMS 0x00000006c7600000, 0x00000006c7600000|
| 107|0x00000006c7700000, 0x00000006c7700000, 0x00000006c7800000|  0%| F|  |TS  0|AC  0|TAMS 0x00000006c7700000, 0x00000006c7700000|
| 108|0x00000006c7800000, 0x00000006c7800000, 0x00000006c7900000|  0%| F|  |TS  0|AC  0|TAMS 0x00000006c7800000, 0x00000006c7800000|
| 109|0x00000006c7900000, 0x00000006c7900000, 0x00000006c7a00000|  0%| F|  |TS  0|AC  0|TAMS 0x00000006c7900000, 0x00000006c7900000|
| 110|0x00000006c7a00000, 0x00000006c7a00000, 0x00000006c7b00000|  0%| F|  |TS  0|AC  0|TAMS 0x00000006c7a00000, 0x00000006c7a00000|
| 111|0x00000006c7b00000, 0x00000006c7b00000, 0x00000006c7c00000|  0%| F|  |TS  0|AC  0|TAMS 0x00000006c7b00000, 0x00000006c7b00000|
| 112|0x00000006c7c00000, 0x00000006c7c00000, 0x00000006c7d00000|  0%| F|  |TS  0|AC  0|TAMS 0x00000006c7c00000, 0x00000006c7c00000|
| 113|0x00000006c7d00000, 0x00000006c7d00000, 0x00000006c7e00000|  0%| F|  |TS  0|AC  0|TAMS 0x00000006c7d00000, 0x00000006c7d00000|
| 114|0x00000006c7e00000, 0x00000006c7e00000, 0x00000006c7f00000|  0%| F|  |TS  0|AC  0|TAMS 0x00000006c7e00000, 0x00000006c7e00000|
| 115|0x00000006c7f00000, 0x00000006c7f00000, 0x00000006c8000000|  0%| F|  |TS  0|AC  0|TAMS 0x00000006c7f00000, 0x00000006c7f00000|
| 116|0x00000006c8000000, 0x00000006c8000000, 0x00000006c8100000|  0%| F|  |TS  0|AC  0|TAMS 0x00000006c8000000, 0x00000006c8000000|
| 117|0x00000006c8100000, 0x00000006c8100000, 0x00000006c8200000|  0%| F|  |TS  0|AC  0|TAMS 0x00000006c8100000, 0x00000006c8100000|
| 118|0x00000006c8200000, 0x00000006c8200000, 0x00000006c8300000|  0%| F|  |TS  0|AC  0|TAMS 0x00000006c8200000, 0x00000006c8200000|
| 119|0x00000006c8300000, 0x00000006c8300000, 0x00000006c8400000|  0%| F|  |TS  0|AC  0|TAMS 0x00000006c8300000, 0x00000006c8300000|
| 120|0x00000006c8400000, 0x00000006c8400000, 0x00000006c8500000|  0%| F|  |TS  0|AC  0|TAMS 0x00000006c8400000, 0x00000006c8400000|
| 121|0x00000006c8500000, 0x00000006c8500000, 0x00000006c8600000|  0%| F|  |TS  0|AC  0|TAMS 0x00000006c8500000, 0x00000006c8500000|
| 122|0x00000006c8600000, 0x00000006c8600000, 0x00000006c8700000|  0%| F|  |TS  0|AC  0|TAMS 0x00000006c8600000, 0x00000006c8600000|
| 123|0x00000006c8700000, 0x00000006c8700000, 0x00000006c8800000|  0%| F|  |TS  0|AC  0|TAMS 0x00000006c8700000, 0x00000006c8700000|
| 124|0x00000006c8800000, 0x00000006c8800000, 0x00000006c8900000|  0%| F|  |TS  0|AC  0|TAMS 0x00000006c8800000, 0x00000006c8800000|
| 125|0x00000006c8900000, 0x00000006c8900000, 0x00000006c8a00000|  0%| F|  |TS  0|AC  0|TAMS 0x00000006c8900000, 0x00000006c8900000|
| 126|0x00000006c8a00000, 0x00000006c8a00000, 0x00000006c8b00000|  0%| F|  |TS  0|AC  0|TAMS 0x00000006c8a00000, 0x00000006c8a00000|
| 127|0x00000006c8b00000, 0x00000006c8b00000, 0x00000006c8c00000|  0%| F|  |TS  0|AC  0|TAMS 0x00000006c8b00000, 0x00000006c8b00000|
| 128|0x00000006c8c00000, 0x00000006c8c00000, 0x00000006c8d00000|  0%| F|  |TS  0|AC  0|TAMS 0x00000006c8c00000, 0x00000006c8c00000|
| 129|0x00000006c8d00000, 0x00000006c8d00000, 0x00000006c8e00000|  0%| F|  |TS  0|AC  0|TAMS 0x00000006c8d00000, 0x00000006c8d00000|
| 130|0x00000006c8e00000, 0x00000006c8e00000, 0x00000006c8f00000|  0%| F|  |TS  0|AC  0|TAMS 0x00000006c8e00000, 0x00000006c8e00000|
| 131|0x00000006c8f00000, 0x00000006c8f00000, 0x00000006c9000000|  0%| F|  |TS  0|AC  0|TAMS 0x00000006c8f00000, 0x00000006c8f00000|
| 132|0x00000006c9000000, 0x00000006c9000000, 0x00000006c9100000|  0%| F|  |TS  0|AC  0|TAMS 0x00000006c9000000, 0x00000006c9000000|
| 133|0x00000006c9100000, 0x00000006c9100000, 0x00000006c9200000|  0%| F|  |TS  0|AC  0|TAMS 0x00000006c9100000, 0x00000006c9100000|
| 134|0x00000006c9200000, 0x00000006c9200000, 0x00000006c9300000|  0%| F|  |TS  0|AC  0|TAMS 0x00000006c9200000, 0x00000006c9200000|
| 135|0x00000006c9300000, 0x00000006c9300000, 0x00000006c9400000|  0%| F|  |TS  0|AC  0|TAMS 0x00000006c9300000, 0x00000006c9300000|
| 136|0x00000006c9400000, 0x00000006c9400000, 0x00000006c9500000|  0%| F|  |TS  0|AC  0|TAMS 0x00000006c9400000, 0x00000006c9400000|
| 137|0x00000006c9500000, 0x00000006c9500000, 0x00000006c9600000|  0%| F|  |TS  0|AC  0|TAMS 0x00000006c9500000, 0x00000006c9500000|
| 138|0x00000006c9600000, 0x00000006c9600000, 0x00000006c9700000|  0%| F|  |TS  0|AC  0|TAMS 0x00000006c9600000, 0x00000006c9600000|
| 139|0x00000006c9700000, 0x00000006c9700000, 0x00000006c9800000|  0%| F|  |TS  0|AC  0|TAMS 0x00000006c9700000, 0x00000006c9700000|
| 140|0x00000006c9800000, 0x00000006c9800000, 0x00000006c9900000|  0%| F|  |TS  0|AC  0|TAMS 0x00000006c9800000, 0x00000006c9800000|
| 141|0x00000006c9900000, 0x00000006c9900000, 0x00000006c9a00000|  0%| F|  |TS  0|AC  0|TAMS 0x00000006c9900000, 0x00000006c9900000|
| 142|0x00000006c9a00000, 0x00000006c9a00000, 0x00000006c9b00000|  0%| F|  |TS  0|AC  0|TAMS 0x00000006c9a00000, 0x00000006c9a00000|
| 143|0x00000006c9b00000, 0x00000006c9b00000, 0x00000006c9c00000|  0%| F|  |TS  0|AC  0|TAMS 0x00000006c9b00000, 0x00000006c9b00000|
| 144|0x00000006c9c00000, 0x00000006c9c00000, 0x00000006c9d00000|  0%| F|  |TS  0|AC  0|TAMS 0x00000006c9c00000, 0x00000006c9c00000|
| 145|0x00000006c9d00000, 0x00000006c9d00000, 0x00000006c9e00000|  0%| F|  |TS  0|AC  0|TAMS 0x00000006c9d00000, 0x00000006c9d00000|
| 146|0x00000006c9e00000, 0x00000006c9e00000, 0x00000006c9f00000|  0%| F|  |TS  0|AC  0|TAMS 0x00000006c9e00000, 0x00000006c9e00000|
| 147|0x00000006c9f00000, 0x00000006c9f00000, 0x00000006ca000000|  0%| F|  |TS  0|AC  0|TAMS 0x00000006c9f00000, 0x00000006c9f00000|
| 148|0x00000006ca000000, 0x00000006ca000000, 0x00000006ca100000|  0%| F|  |TS  0|AC  0|TAMS 0x00000006ca000000, 0x00000006ca000000|
| 149|0x00000006ca100000, 0x00000006ca100000, 0x00000006ca200000|  0%| F|  |TS  0|AC  0|TAMS 0x00000006ca100000, 0x00000006ca100000|
| 150|0x00000006ca200000, 0x00000006ca200000, 0x00000006ca300000|  0%| F|  |TS  0|AC  0|TAMS 0x00000006ca200000, 0x00000006ca200000|
| 151|0x00000006ca300000, 0x00000006ca300000, 0x00000006ca400000|  0%| F|  |TS  0|AC  0|TAMS 0x00000006ca300000, 0x00000006ca300000|
| 152|0x00000006ca400000, 0x00000006ca400000, 0x00000006ca500000|  0%| F|  |TS  0|AC  0|TAMS 0x00000006ca400000, 0x00000006ca400000|
| 153|0x00000006ca500000, 0x00000006ca500000, 0x00000006ca600000|  0%| F|  |TS  0|AC  0|TAMS 0x00000006ca500000, 0x00000006ca500000|
| 154|0x00000006ca600000, 0x00000006ca600000, 0x00000006ca700000|  0%| F|  |TS  0|AC  0|TAMS 0x00000006ca600000, 0x00000006ca600000|
| 155|0x00000006ca700000, 0x00000006ca700000, 0x00000006ca800000|  0%| F|  |TS  0|AC  0|TAMS 0x00000006ca700000, 0x00000006ca700000|
| 156|0x00000006ca800000, 0x00000006ca800000, 0x00000006ca900000|  0%| F|  |TS  0|AC  0|TAMS 0x00000006ca800000, 0x00000006ca800000|
| 157|0x00000006ca900000, 0x00000006ca900000, 0x00000006caa00000|  0%| F|  |TS  0|AC  0|TAMS 0x00000006ca900000, 0x00000006ca900000|
| 158|0x00000006caa00000, 0x00000006caa00000, 0x00000006cab00000|  0%| F|  |TS  0|AC  0|TAMS 0x00000006caa00000, 0x00000006caa00000|
| 159|0x00000006cab00000, 0x00000006cab00000, 0x00000006cac00000|  0%| F|  |TS  0|AC  0|TAMS 0x00000006cab00000, 0x00000006cab00000|
| 160|0x00000006cac00000, 0x00000006cac00000, 0x00000006cad00000|  0%| F|  |TS  0|AC  0|TAMS 0x00000006cac00000, 0x00000006cac00000|
| 161|0x00000006cad00000, 0x00000006cad00000, 0x00000006cae00000|  0%| F|  |TS  0|AC  0|TAMS 0x00000006cad00000, 0x00000006cad00000|
| 162|0x00000006cae00000, 0x00000006cae00000, 0x00000006caf00000|  0%| F|  |TS  0|AC  0|TAMS 0x00000006cae00000, 0x00000006cae00000|
| 163|0x00000006caf00000, 0x00000006caf00000, 0x00000006cb000000|  0%| F|  |TS  0|AC  0|TAMS 0x00000006caf00000, 0x00000006caf00000|
| 164|0x00000006cb000000, 0x00000006cb000000, 0x00000006cb100000|  0%| F|  |TS  0|AC  0|TAMS 0x00000006cb000000, 0x00000006cb000000|
| 165|0x00000006cb100000, 0x00000006cb100000, 0x00000006cb200000|  0%| F|  |TS  0|AC  0|TAMS 0x00000006cb100000, 0x00000006cb100000|
| 166|0x00000006cb200000, 0x00000006cb200000, 0x00000006cb300000|  0%| F|  |TS  0|AC  0|TAMS 0x00000006cb200000, 0x00000006cb200000|
| 167|0x00000006cb300000, 0x00000006cb300000, 0x00000006cb400000|  0%| F|  |TS  0|AC  0|TAMS 0x00000006cb300000, 0x00000006cb300000|
| 168|0x00000006cb400000, 0x00000006cb400000, 0x00000006cb500000|  0%| F|  |TS  0|AC  0|TAMS 0x00000006cb400000, 0x00000006cb400000|
| 169|0x00000006cb500000, 0x00000006cb500000, 0x00000006cb600000|  0%| F|  |TS  0|AC  0|TAMS 0x00000006cb500000, 0x00000006cb500000|
| 170|0x00000006cb600000, 0x00000006cb600000, 0x00000006cb700000|  0%| F|  |TS  0|AC  0|TAMS 0x00000006cb600000, 0x00000006cb600000|
| 171|0x00000006cb700000, 0x00000006cb700000, 0x00000006cb800000|  0%| F|  |TS  0|AC  0|TAMS 0x00000006cb700000, 0x00000006cb700000|
| 172|0x00000006cb800000, 0x00000006cb800000, 0x00000006cb900000|  0%| F|  |TS  0|AC  0|TAMS 0x00000006cb800000, 0x00000006cb800000|
| 173|0x00000006cb900000, 0x00000006cb900000, 0x00000006cba00000|  0%| F|  |TS  0|AC  0|TAMS 0x00000006cb900000, 0x00000006cb900000|
| 174|0x00000006cba00000, 0x00000006cba00000, 0x00000006cbb00000|  0%| F|  |TS  0|AC  0|TAMS 0x00000006cba00000, 0x00000006cba00000|
| 175|0x00000006cbb00000, 0x00000006cbb00000, 0x00000006cbc00000|  0%| F|  |TS  0|AC  0|TAMS 0x00000006cbb00000, 0x00000006cbb00000|
| 176|0x00000006cbc00000, 0x00000006cbc00000, 0x00000006cbd00000|  0%| F|  |TS  0|AC  0|TAMS 0x00000006cbc00000, 0x00000006cbc00000|
| 177|0x00000006cbd00000, 0x00000006cbd00000, 0x00000006cbe00000|  0%| F|  |TS  0|AC  0|TAMS 0x00000006cbd00000, 0x00000006cbd00000|
| 178|0x00000006cbe00000, 0x00000006cbe00000, 0x00000006cbf00000|  0%| F|  |TS  0|AC  0|TAMS 0x00000006cbe00000, 0x00000006cbe00000|
| 179|0x00000006cbf00000, 0x00000006cbf00000, 0x00000006cc000000|  0%| F|  |TS  0|AC  0|TAMS 0x00000006cbf00000, 0x00000006cbf00000|
| 180|0x00000006cc000000, 0x00000006cc000000, 0x00000006cc100000|  0%| F|  |TS  0|AC  0|TAMS 0x00000006cc000000, 0x00000006cc000000|
| 181|0x00000006cc100000, 0x00000006cc100000, 0x00000006cc200000|  0%| F|  |TS  0|AC  0|TAMS 0x00000006cc100000, 0x00000006cc100000|
| 182|0x00000006cc200000, 0x00000006cc200000, 0x00000006cc300000|  0%| F|  |TS  0|AC  0|TAMS 0x00000006cc200000, 0x00000006cc200000|
| 183|0x00000006cc300000, 0x00000006cc300000, 0x00000006cc400000|  0%| F|  |TS  0|AC  0|TAMS 0x00000006cc300000, 0x00000006cc300000|
| 184|0x00000006cc400000, 0x00000006cc400000, 0x00000006cc500000|  0%| F|  |TS  0|AC  0|TAMS 0x00000006cc400000, 0x00000006cc400000|
| 185|0x00000006cc500000, 0x00000006cc500000, 0x00000006cc600000|  0%| F|  |TS  0|AC  0|TAMS 0x00000006cc500000, 0x00000006cc500000|
| 186|0x00000006cc600000, 0x00000006cc600000, 0x00000006cc700000|  0%| F|  |TS  0|AC  0|TAMS 0x00000006cc600000, 0x00000006cc600000|
| 187|0x00000006cc700000, 0x00000006cc700000, 0x00000006cc800000|  0%| F|  |TS  0|AC  0|TAMS 0x00000006cc700000, 0x00000006cc700000|
| 188|0x00000006cc800000, 0x00000006cc800000, 0x00000006cc900000|  0%| F|  |TS  0|AC  0|TAMS 0x00000006cc800000, 0x00000006cc800000|
| 189|0x00000006cc900000, 0x00000006cc900000, 0x00000006cca00000|  0%| F|  |TS  0|AC  0|TAMS 0x00000006cc900000, 0x00000006cc900000|
| 190|0x00000006cca00000, 0x00000006cca00000, 0x00000006ccb00000|  0%| F|  |TS  0|AC  0|TAMS 0x00000006cca00000, 0x00000006cca00000|
| 191|0x00000006ccb00000, 0x00000006ccb00000, 0x00000006ccc00000|  0%| F|  |TS  0|AC  0|TAMS 0x00000006ccb00000, 0x00000006ccb00000|
| 192|0x00000006ccc00000, 0x00000006ccc00000, 0x00000006ccd00000|  0%| F|  |TS  0|AC  0|TAMS 0x00000006ccc00000, 0x00000006ccc00000|
| 193|0x00000006ccd00000, 0x00000006ccd00000, 0x00000006cce00000|  0%| F|  |TS  0|AC  0|TAMS 0x00000006ccd00000, 0x00000006ccd00000|
| 194|0x00000006cce00000, 0x00000006cce00000, 0x00000006ccf00000|  0%| F|  |TS  0|AC  0|TAMS 0x00000006cce00000, 0x00000006cce00000|
| 195|0x00000006ccf00000, 0x00000006ccf00000, 0x00000006cd000000|  0%| F|  |TS  0|AC  0|TAMS 0x00000006ccf00000, 0x00000006ccf00000|
| 196|0x00000006cd000000, 0x00000006cd000000, 0x00000006cd100000|  0%| F|  |TS  0|AC  0|TAMS 0x00000006cd000000, 0x00000006cd000000|
| 197|0x00000006cd100000, 0x00000006cd100000, 0x00000006cd200000|  0%| F|  |TS  0|AC  0|TAMS 0x00000006cd100000, 0x00000006cd100000|
| 198|0x00000006cd200000, 0x00000006cd200000, 0x00000006cd300000|  0%| F|  |TS  0|AC  0|TAMS 0x00000006cd200000, 0x00000006cd200000|
| 199|0x00000006cd300000, 0x00000006cd300000, 0x00000006cd400000|  0%| F|  |TS  0|AC  0|TAMS 0x00000006cd300000, 0x00000006cd300000|
| 200|0x00000006cd400000, 0x00000006cd400000, 0x00000006cd500000|  0%| F|  |TS  0|AC  0|TAMS 0x00000006cd400000, 0x00000006cd400000|
| 201|0x00000006cd500000, 0x00000006cd500000, 0x00000006cd600000|  0%| F|  |TS  0|AC  0|TAMS 0x00000006cd500000, 0x00000006cd500000|
| 202|0x00000006cd600000, 0x00000006cd600000, 0x00000006cd700000|  0%| F|  |TS  0|AC  0|TAMS 0x00000006cd600000, 0x00000006cd600000|
| 203|0x00000006cd700000, 0x00000006cd700000, 0x00000006cd800000|  0%| F|  |TS  0|AC  0|TAMS 0x00000006cd700000, 0x00000006cd700000|
| 204|0x00000006cd800000, 0x00000006cd800000, 0x00000006cd900000|  0%| F|  |TS  0|AC  0|TAMS 0x00000006cd800000, 0x00000006cd800000|
| 205|0x00000006cd900000, 0x00000006cd900000, 0x00000006cda00000|  0%| F|  |TS  0|AC  0|TAMS 0x00000006cd900000, 0x00000006cd900000|
| 206|0x00000006cda00000, 0x00000006cda00000, 0x00000006cdb00000|  0%| F|  |TS  0|AC  0|TAMS 0x00000006cda00000, 0x00000006cda00000|
| 207|0x00000006cdb00000, 0x00000006cdb00000, 0x00000006cdc00000|  0%| F|  |TS  0|AC  0|TAMS 0x00000006cdb00000, 0x00000006cdb00000|
| 208|0x00000006cdc00000, 0x00000006cdc00000, 0x00000006cdd00000|  0%| F|  |TS  0|AC  0|TAMS 0x00000006cdc00000, 0x00000006cdc00000|
| 209|0x00000006cdd00000, 0x00000006cdd00000, 0x00000006cde00000|  0%| F|  |TS  0|AC  0|TAMS 0x00000006cdd00000, 0x00000006cdd00000|
| 210|0x00000006cde00000, 0x00000006cde00000, 0x00000006cdf00000|  0%| F|  |TS  0|AC  0|TAMS 0x00000006cde00000, 0x00000006cde00000|
| 211|0x00000006cdf00000, 0x00000006cdf00000, 0x00000006ce000000|  0%| F|  |TS  0|AC  0|TAMS 0x00000006cdf00000, 0x00000006cdf00000|
| 212|0x00000006ce000000, 0x00000006ce000000, 0x00000006ce100000|  0%| F|  |TS  0|AC  0|TAMS 0x00000006ce000000, 0x00000006ce000000|
| 213|0x00000006ce100000, 0x00000006ce100000, 0x00000006ce200000|  0%| F|  |TS  0|AC  0|TAMS 0x00000006ce100000, 0x00000006ce100000|
| 214|0x00000006ce200000, 0x00000006ce200000, 0x00000006ce300000|  0%| F|  |TS  0|AC  0|TAMS 0x00000006ce200000, 0x00000006ce200000|
| 215|0x00000006ce300000, 0x00000006ce300000, 0x00000006ce400000|  0%| F|  |TS  0|AC  0|TAMS 0x00000006ce300000, 0x00000006ce300000|
| 216|0x00000006ce400000, 0x00000006ce400000, 0x00000006ce500000|  0%| F|  |TS  0|AC  0|TAMS 0x00000006ce400000, 0x00000006ce400000|
| 217|0x00000006ce500000, 0x00000006ce500000, 0x00000006ce600000|  0%| F|  |TS  0|AC  0|TAMS 0x00000006ce500000, 0x00000006ce500000|
| 218|0x00000006ce600000, 0x00000006ce600000, 0x00000006ce700000|  0%| F|  |TS  0|AC  0|TAMS 0x00000006ce600000, 0x00000006ce600000|
| 219|0x00000006ce700000, 0x00000006ce700000, 0x00000006ce800000|  0%| F|  |TS  0|AC  0|TAMS 0x00000006ce700000, 0x00000006ce700000|
| 220|0x00000006ce800000, 0x00000006ce800000, 0x00000006ce900000|  0%| F|  |TS  0|AC  0|TAMS 0x00000006ce800000, 0x00000006ce800000|
| 221|0x00000006ce900000, 0x00000006ce900000, 0x00000006cea00000|  0%| F|  |TS  0|AC  0|TAMS 0x00000006ce900000, 0x00000006ce900000|
| 222|0x00000006cea00000, 0x00000006cea00000, 0x00000006ceb00000|  0%| F|  |TS  0|AC  0|TAMS 0x00000006cea00000, 0x00000006cea00000|
| 223|0x00000006ceb00000, 0x00000006ceb00000, 0x00000006cec00000|  0%| F|  |TS  0|AC  0|TAMS 0x00000006ceb00000, 0x00000006ceb00000|
| 224|0x00000006cec00000, 0x00000006cec00000, 0x00000006ced00000|  0%| F|  |TS  0|AC  0|TAMS 0x00000006cec00000, 0x00000006cec00000|
| 225|0x00000006ced00000, 0x00000006ced00000, 0x00000006cee00000|  0%| F|  |TS  0|AC  0|TAMS 0x00000006ced00000, 0x00000006ced00000|
| 226|0x00000006cee00000, 0x00000006cee00000, 0x00000006cef00000|  0%| F|  |TS  0|AC  0|TAMS 0x00000006cee00000, 0x00000006cee00000|
| 227|0x00000006cef00000, 0x00000006cef00000, 0x00000006cf000000|  0%| F|  |TS  0|AC  0|TAMS 0x00000006cef00000, 0x00000006cef00000|
| 228|0x00000006cf000000, 0x00000006cf000000, 0x00000006cf100000|  0%| F|  |TS  0|AC  0|TAMS 0x00000006cf000000, 0x00000006cf000000|
| 229|0x00000006cf100000, 0x00000006cf100000, 0x00000006cf200000|  0%| F|  |TS  0|AC  0|TAMS 0x00000006cf100000, 0x00000006cf100000|
| 230|0x00000006cf200000, 0x00000006cf200000, 0x00000006cf300000|  0%| F|  |TS  0|AC  0|TAMS 0x00000006cf200000, 0x00000006cf200000|
| 231|0x00000006cf300000, 0x00000006cf300000, 0x00000006cf400000|  0%| F|  |TS  0|AC  0|TAMS 0x00000006cf300000, 0x00000006cf300000|
| 232|0x00000006cf400000, 0x00000006cf400000, 0x00000006cf500000|  0%| F|  |TS  0|AC  0|TAMS 0x00000006cf400000, 0x00000006cf400000|
| 233|0x00000006cf500000, 0x00000006cf57b668, 0x00000006cf600000| 48%| E|  |TS  0|AC  0|TAMS 0x00000006cf500000, 0x00000006cf500000|
| 234|0x00000006cf600000, 0x00000006cf700000, 0x00000006cf700000|100%| E|CS|TS  0|AC  0|TAMS 0x00000006cf600000, 0x00000006cf600000|
| 235|0x00000006cf700000, 0x00000006cf800000, 0x00000006cf800000|100%| E|CS|TS  0|AC  0|TAMS 0x00000006cf700000, 0x00000006cf700000|
| 236|0x00000006cf800000, 0x00000006cf900000, 0x00000006cf900000|100%| E|CS|TS  0|AC  0|TAMS 0x00000006cf800000, 0x00000006cf800000|
| 237|0x00000006cf900000, 0x00000006cfa00000, 0x00000006cfa00000|100%| E|CS|TS  0|AC  0|TAMS 0x00000006cf900000, 0x00000006cf900000|
| 238|0x00000006cfa00000, 0x00000006cfb00000, 0x00000006cfb00000|100%| E|CS|TS  0|AC  0|TAMS 0x00000006cfa00000, 0x00000006cfa00000|
| 239|0x00000006cfb00000, 0x00000006cfc00000, 0x00000006cfc00000|100%| E|CS|TS  0|AC  0|TAMS 0x00000006cfb00000, 0x00000006cfb00000|
| 240|0x00000006cfc00000, 0x00000006cfd00000, 0x00000006cfd00000|100%| E|CS|TS  0|AC  0|TAMS 0x00000006cfc00000, 0x00000006cfc00000|
| 241|0x00000006cfd00000, 0x00000006cfe00000, 0x00000006cfe00000|100%| E|CS|TS  0|AC  0|TAMS 0x00000006cfd00000, 0x00000006cfd00000|
| 242|0x00000006cfe00000, 0x00000006cff00000, 0x00000006cff00000|100%| E|CS|TS  0|AC  0|TAMS 0x00000006cfe00000, 0x00000006cfe00000|
| 243|0x00000006cff00000, 0x00000006d0000000, 0x00000006d0000000|100%| E|CS|TS  0|AC  0|TAMS 0x00000006cff00000, 0x00000006cff00000|
| 244|0x00000006d0000000, 0x00000006d0100000, 0x00000006d0100000|100%| E|CS|TS  0|AC  0|TAMS 0x00000006d0000000, 0x00000006d0000000|
| 245|0x00000006d0100000, 0x00000006d0200000, 0x00000006d0200000|100%| E|CS|TS  0|AC  0|TAMS 0x00000006d0100000, 0x00000006d0100000|
| 246|0x00000006d0200000, 0x00000006d0300000, 0x00000006d0300000|100%| E|CS|TS  0|AC  0|TAMS 0x00000006d0200000, 0x00000006d0200000|
| 247|0x00000006d0300000, 0x00000006d0400000, 0x00000006d0400000|100%| E|CS|TS  0|AC  0|TAMS 0x00000006d0300000, 0x00000006d0300000|
| 248|0x00000006d0400000, 0x00000006d0500000, 0x00000006d0500000|100%| E|CS|TS  0|AC  0|TAMS 0x00000006d0400000, 0x00000006d0400000|
| 249|0x00000006d0500000, 0x00000006d0600000, 0x00000006d0600000|100%| E|CS|TS  0|AC  0|TAMS 0x00000006d0500000, 0x00000006d0500000|
| 250|0x00000006d0600000, 0x00000006d0700000, 0x00000006d0700000|100%| E|CS|TS  0|AC  0|TAMS 0x00000006d0600000, 0x00000006d0600000|
| 251|0x00000006d0700000, 0x00000006d0800000, 0x00000006d0800000|100%| E|CS|TS  0|AC  0|TAMS 0x00000006d0700000, 0x00000006d0700000|
| 252|0x00000006d0800000, 0x00000006d0900000, 0x00000006d0900000|100%| E|CS|TS  0|AC  0|TAMS 0x00000006d0800000, 0x00000006d0800000|
| 253|0x00000006d0900000, 0x00000006d0a00000, 0x00000006d0a00000|100%| E|CS|TS  0|AC  0|TAMS 0x00000006d0900000, 0x00000006d0900000|
| 254|0x00000006d0a00000, 0x00000006d0b00000, 0x00000006d0b00000|100%| E|CS|TS  0|AC  0|TAMS 0x00000006d0a00000, 0x00000006d0a00000|
| 255|0x00000006d0b00000, 0x00000006d0c00000, 0x00000006d0c00000|100%| E|CS|TS  0|AC  0|TAMS 0x00000006d0b00000, 0x00000006d0b00000|

Card table byte_map: [0x0000025acf820000,0x0000025ad0020000] byte_map_base: 0x0000025acc21a000

Marking Bits (Prev, Next): (CMBitMap*) 0x0000025ab2ee8d80, (CMBitMap*) 0x0000025ab2ee8db8
 Prev Bits: [0x0000025ad0820000, 0x0000025ad47f0000)
 Next Bits: [0x0000025ad47f0000, 0x0000025ad87c0000)

Polling page: 0x0000025ab0cb0000

CodeHeap 'non-profiled nmethods': size=120000Kb used=262Kb max_used=262Kb free=119737Kb
 bounds [0x0000025ac6870000, 0x0000025ac6ae0000, 0x0000025acdda0000]
CodeHeap 'profiled nmethods': size=120000Kb used=1468Kb max_used=1468Kb free=118531Kb
 bounds [0x0000025abf340000, 0x0000025abf5b0000, 0x0000025ac6870000]
CodeHeap 'non-nmethods': size=5760Kb used=1302Kb max_used=1313Kb free=4457Kb
 bounds [0x0000025abeda0000, 0x0000025abf010000, 0x0000025abf340000]
 total_blobs=1512 nmethods=813 adapters=422
 compilation: enabled

Compilation events (10 events):
Event: 1.152 Thread 0x0000025adbcc2000  808       1       com.badlogic.gdx.graphics.g2d.TextureRegion::getV2 (5 bytes)
Event: 1.152 Thread 0x0000025adbcc2000 nmethod 808 0x0000025ac68b0a90 code [0x0000025ac68b0c40, 0x0000025ac68b0d58]
Event: 1.152 Thread 0x0000025adbcc2000  809       1       com.badlogic.gdx.graphics.g2d.TextureRegion::getU2 (5 bytes)
Event: 1.152 Thread 0x0000025adbcc2000 nmethod 809 0x0000025ac68b0e10 code [0x0000025ac68b0fc0, 0x0000025ac68b10d8]
Event: 1.152 Thread 0x0000025adbcc2000  810       1       com.badlogic.gdx.graphics.g2d.TextureRegion::getV (5 bytes)
Event: 1.152 Thread 0x0000025adbcc2000 nmethod 810 0x0000025ac68b1190 code [0x0000025ac68b1340, 0x0000025ac68b1458]
Event: 1.152 Thread 0x0000025adbcc2000  811       1       com.badlogic.gdx.graphics.g2d.TextureRegion::getTexture (5 bytes)
Event: 1.152 Thread 0x0000025adbcc2000 nmethod 811 0x0000025ac68b1510 code [0x0000025ac68b16c0, 0x0000025ac68b17d8]
Event: 1.152 Thread 0x0000025adbcc2000  813       3       com.badlogic.gdx.graphics.g2d.SpriteBatch::draw (165 bytes)
Event: 1.153 Thread 0x0000025adbcc2000 nmethod 813 0x0000025abf4ae090 code [0x0000025abf4ae340, 0x0000025abf4aee60]

GC Heap History (0 events):
No events

Deoptimization events (6 events):
Event: 0.099 Thread 0x0000025ab2e3e800 Uncommon trap: reason=unstable_if action=reinterpret pc=0x0000025ac6876590 method=java.lang.StringLatin1.indexOf([BII)I @ 23 c2
Event: 0.105 Thread 0x0000025ab2e3e800 Uncommon trap: reason=range_check action=reinterpret pc=0x0000025ac6873868 method=java.lang.StringLatin1.indexOf([BII)I @ 13 c2
Event: 0.116 Thread 0x0000025ab2e3e800 Uncommon trap: reason=unstable_if action=reinterpret pc=0x0000025ac68760e8 method=java.net.URI.match(CJJ)Z @ 19 c2
Event: 0.160 Thread 0x0000025ab2e3e800 Uncommon trap: reason=unstable_if action=reinterpret pc=0x0000025ac6872d9c method=java.lang.String.charAt(I)C @ 4 c2
Event: 0.209 Thread 0x0000025ab2e3e800 Uncommon trap: reason=unstable_if action=reinterpret pc=0x0000025ac6882a7c method=java.io.WinNTFileSystem.isSlash(C)Z @ 9 c2
Event: 0.357 Thread 0x0000025ab2e3e800 Uncommon trap: reason=unstable_if action=reinterpret pc=0x0000025ac68966fc method=java.nio.Buffer.hasRemaining()Z @ 8 c2

Classes redefined (0 events):
No events

Internal exceptions (10 events):
Event: 0.229 Thread 0x0000025ab2e3e800 Exception <a 'java/lang/NoSuchMethodError'{0x00000006d046d9c0}: method resolution failed> (0x00000006d046d9c0) thrown at [t:/workspace/hotspot/src/share/vm/prims/methodHandles.cpp, line 1256]
Event: 0.229 Thread 0x0000025ab2e3e800 Exception <a 'java/lang/NoSuchMethodError'{0x00000006d0470ef0}: java.lang.invoke.DirectMethodHandle$Holder.invokeStaticInit(Ljava/lang/Object;IIII)Ljava/lang/Object;> (0x00000006d0470ef0) thrown at [t:/workspace/hotspot/src/share/vm/interpreter/linkResolv
Event: 0.293 Thread 0x0000025ab2e3e800 Exception <a 'java/lang/NoSuchMethodError'{0x00000006d04b2a78}: method resolution failed> (0x00000006d04b2a78) thrown at [t:/workspace/hotspot/src/share/vm/prims/methodHandles.cpp, line 1256]
Event: 0.293 Thread 0x0000025ab2e3e800 Exception <a 'java/lang/NoSuchMethodError'{0x00000006d04b5f20}: java.lang.invoke.DirectMethodHandle$Holder.invokeStaticInit(Ljava/lang/Object;Ljava/lang/Object;IIII)Ljava/lang/Object;> (0x00000006d04b5f20) thrown at [t:/workspace/hotspot/src/share/vm/inte
Event: 0.322 Thread 0x0000025ab2e3e800 Exception <a 'java/security/PrivilegedActionException'{0x00000006d0374c88}> (0x00000006d0374c88) thrown at [t:/workspace/hotspot/src/share/vm/prims/jvm.cpp, line 1310]
Event: 0.322 Thread 0x0000025ab2e3e800 Exception <a 'java/security/PrivilegedActionException'{0x00000006d0377690}> (0x00000006d0377690) thrown at [t:/workspace/hotspot/src/share/vm/prims/jvm.cpp, line 1310]
Event: 0.322 Thread 0x0000025ab2e3e800 Exception <a 'java/security/PrivilegedActionException'{0x00000006d03784c0}> (0x00000006d03784c0) thrown at [t:/workspace/hotspot/src/share/vm/prims/jvm.cpp, line 1310]
Event: 0.326 Thread 0x0000025ab2e3e800 Exception <a 'java/security/PrivilegedActionException'{0x00000006d038fbd0}> (0x00000006d038fbd0) thrown at [t:/workspace/hotspot/src/share/vm/prims/jvm.cpp, line 1310]
Event: 0.326 Thread 0x0000025ab2e3e800 Exception <a 'java/security/PrivilegedActionException'{0x00000006d0390610}> (0x00000006d0390610) thrown at [t:/workspace/hotspot/src/share/vm/prims/jvm.cpp, line 1310]
Event: 0.326 Thread 0x0000025ab2e3e800 Exception <a 'java/security/PrivilegedActionException'{0x00000006d0391010}> (0x00000006d0391010) thrown at [t:/workspace/hotspot/src/share/vm/prims/jvm.cpp, line 1310]

Events (10 events):
Event: 1.150 loading class com/badlogic/gdx/utils/TimeUtils done
Event: 1.153 loading class org/lwjgl/opengl/GL14
Event: 1.153 loading class org/lwjgl/opengl/GL14 done
Event: 1.155 loading class org/lwjgl/opengl/Sync
Event: 1.155 loading class org/lwjgl/opengl/Sync done
Event: 1.156 loading class org/lwjgl/opengl/Sync$RunningAvg
Event: 1.156 loading class org/lwjgl/opengl/Sync$RunningAvg done
Event: 1.156 loading class org/lwjgl/opengl/Sync$1
Event: 1.156 loading class org/lwjgl/opengl/Sync$1 done
Event: 1.157 Thread 0x0000025ade5d5800 Thread added: 0x0000025ade5d5800


Dynamic libraries:
0x00007ff6aba40000 - 0x00007ff6aba7e000 	C:\Program Files\Java\jdk-9.0.1\bin\java.exe
0x00007ff955210000 - 0x00007ff9553f0000 	C:\WINDOWS\SYSTEM32\ntdll.dll
0x00007ff954c80000 - 0x00007ff954d2e000 	C:\WINDOWS\System32\KERNEL32.DLL
0x00007ff951d20000 - 0x00007ff951f86000 	C:\WINDOWS\System32\KERNELBASE.dll
0x00007ff954bd0000 - 0x00007ff954c71000 	C:\WINDOWS\System32\ADVAPI32.dll
0x00007ff954da0000 - 0x00007ff954e3d000 	C:\WINDOWS\System32\msvcrt.dll
0x00007ff954b20000 - 0x00007ff954b7b000 	C:\WINDOWS\System32\sechost.dll
0x00007ff953130000 - 0x00007ff95324f000 	C:\WINDOWS\System32\RPCRT4.dll
0x00007ff955050000 - 0x00007ff9551df000 	C:\WINDOWS\System32\USER32.dll
0x00007ff951ad0000 - 0x00007ff951af0000 	C:\WINDOWS\System32\win32u.dll
0x00007ff9530a0000 - 0x00007ff9530c8000 	C:\WINDOWS\System32\GDI32.dll
0x00007ff951610000 - 0x00007ff9517a3000 	C:\WINDOWS\System32\gdi32full.dll
0x00007ff951a30000 - 0x00007ff951acb000 	C:\WINDOWS\System32\msvcp_win.dll
0x00007ff951930000 - 0x00007ff951a26000 	C:\WINDOWS\System32\ucrtbase.dll
0x00007ff9455e0000 - 0x00007ff945849000 	C:\WINDOWS\WinSxS\amd64_microsoft.windows.common-controls_6595b64144ccf1df_6.0.16299.125_none_15cbcf8893620c09\COMCTL32.dll
0x00007ff94bac0000 - 0x00007ff94baca000 	C:\WINDOWS\SYSTEM32\VERSION.dll
0x00007ff954810000 - 0x00007ff954b18000 	C:\WINDOWS\System32\combase.dll
0x00007ff951800000 - 0x00007ff951872000 	C:\WINDOWS\System32\bcryptPrimitives.dll
0x00007ff954b80000 - 0x00007ff954bad000 	C:\WINDOWS\System32\IMM32.DLL
0x00007ff944c40000 - 0x00007ff944d2f000 	C:\Program Files\Java\jdk-9.0.1\bin\msvcr120.dll
0x00007ff944120000 - 0x00007ff9441c6000 	C:\Program Files\Java\jdk-9.0.1\bin\msvcp120.dll
0x0000000069e30000 - 0x000000006a854000 	C:\Program Files\Java\jdk-9.0.1\bin\server\jvm.dll
0x00007ff954800000 - 0x00007ff954808000 	C:\WINDOWS\System32\PSAPI.DLL
0x00007ff94cb90000 - 0x00007ff94cbb3000 	C:\WINDOWS\SYSTEM32\WINMM.dll
0x00007ff949f80000 - 0x00007ff949f89000 	C:\WINDOWS\SYSTEM32\WSOCK32.dll
0x00007ff954d30000 - 0x00007ff954d9c000 	C:\WINDOWS\System32\WS2_32.dll
0x00007ff94ca40000 - 0x00007ff94ca6a000 	C:\WINDOWS\SYSTEM32\winmmbase.dll
0x00007ff9517b0000 - 0x00007ff9517fa000 	C:\WINDOWS\System32\cfgmgr32.dll
0x00007ff94f680000 - 0x00007ff94f68f000 	C:\Program Files\Java\jdk-9.0.1\bin\verify.dll
0x00007ff947860000 - 0x00007ff947887000 	C:\Program Files\Java\jdk-9.0.1\bin\java.dll
0x00007ff93a4a0000 - 0x00007ff93a4ca000 	C:\Program Files\Java\jdk-9.0.1\bin\instrument.dll
0x00007ff949f60000 - 0x00007ff949f76000 	C:\Program Files\Java\jdk-9.0.1\bin\zip.dll
0x00007ff94f630000 - 0x00007ff94f63a000 	C:\Program Files\Java\jdk-9.0.1\bin\jimage.dll
0x00007ff9533c0000 - 0x00007ff9547f6000 	C:\WINDOWS\System32\SHELL32.dll
0x00007ff954ed0000 - 0x00007ff954f76000 	C:\WINDOWS\System32\shcore.dll
0x00007ff951f90000 - 0x00007ff9526d7000 	C:\WINDOWS\System32\windows.storage.dll
0x00007ff9530d0000 - 0x00007ff953121000 	C:\WINDOWS\System32\shlwapi.dll
0x00007ff9515f0000 - 0x00007ff951601000 	C:\WINDOWS\System32\kernel.appcore.dll
0x00007ff9515a0000 - 0x00007ff9515ec000 	C:\WINDOWS\System32\powrprof.dll
0x00007ff951560000 - 0x00007ff95157b000 	C:\WINDOWS\System32\profapi.dll
0x00007ff9476f0000 - 0x00007ff94770a000 	C:\Program Files\Java\jdk-9.0.1\bin\net.dll
0x00007ff94d2e0000 - 0x00007ff94d3be000 	C:\WINDOWS\SYSTEM32\WINHTTP.dll
0x00007ff950df0000 - 0x00007ff950e56000 	C:\WINDOWS\system32\mswsock.dll
0x00007ff93a480000 - 0x00007ff93a491000 	C:\Program Files\Java\jdk-9.0.1\bin\nio.dll
0x00007ff93a460000 - 0x00007ff93a47a000 	C:\Program Files\JetBrains\IntelliJ IDEA 2017.3.1\bin\breakgen64.dll
0x0000000065580000 - 0x0000000065616000 	C:\Users\Dylan\AppData\Local\Temp\libgdxDylan\12dfaa03\gdx64.dll
0x00007ff950fb0000 - 0x00007ff950fc7000 	C:\WINDOWS\SYSTEM32\CRYPTSP.dll
0x00007ff950a00000 - 0x00007ff950a33000 	C:\WINDOWS\system32\rsaenh.dll
0x00007ff9510c0000 - 0x00007ff9510e5000 	C:\WINDOWS\SYSTEM32\bcrypt.dll
0x00007ff951460000 - 0x00007ff951489000 	C:\WINDOWS\SYSTEM32\USERENV.dll
0x00007ff950fd0000 - 0x00007ff950fdb000 	C:\WINDOWS\SYSTEM32\CRYPTBASE.dll
0x00007ff950b80000 - 0x00007ff950bb9000 	C:\WINDOWS\SYSTEM32\IPHLPAPI.DLL
0x00007ff952da0000 - 0x00007ff952da8000 	C:\WINDOWS\System32\NSI.dll
0x00007ff94c330000 - 0x00007ff94c346000 	C:\WINDOWS\SYSTEM32\dhcpcsvc6.DLL
0x00007ff94c300000 - 0x00007ff94c31a000 	C:\WINDOWS\SYSTEM32\dhcpcsvc.DLL
0x0000000180000000 - 0x0000000180053000 	C:\Users\Dylan\AppData\Local\Temp\libgdxDylan\dc0f0009\lwjgl64.dll
0x00007ff92ab80000 - 0x00007ff92ac9e000 	C:\WINDOWS\SYSTEM32\OPENGL32.dll
0x00007ff93bf60000 - 0x00007ff93bf8c000 	C:\WINDOWS\SYSTEM32\GLU32.dll
0x0000025adcde0000 - 0x0000025adce44000 	C:\Users\Dylan\AppData\Local\Temp\libgdxDylan\dc0f0009\OpenAL64.dll
0x00007ff952f50000 - 0x00007ff953099000 	C:\WINDOWS\System32\ole32.dll
0x00007ff94fb00000 - 0x00007ff94fb95000 	C:\WINDOWS\system32\uxtheme.dll
0x00007ff952740000 - 0x00007ff9527de000 	C:\WINDOWS\System32\clbcatq.dll
0x00007ff94d090000 - 0x00007ff94d241000 	C:\WINDOWS\System32\PROPSYS.dll
0x00007ff954f80000 - 0x00007ff955045000 	C:\WINDOWS\System32\OLEAUT32.dll
0x00007ff9421d0000 - 0x00007ff94225f000 	C:\WINDOWS\SYSTEM32\dsound.dll
0x00007ff94a590000 - 0x00007ff94a5ff000 	C:\WINDOWS\System32\MMDevApi.dll
0x00007ff951370000 - 0x00007ff951397000 	C:\WINDOWS\System32\DEVOBJ.dll
0x00007ff92c620000 - 0x00007ff92c742000 	C:\WINDOWS\SYSTEM32\AUDIOSES.DLL
0x00007ff94d3c0000 - 0x00007ff94d4f6000 	C:\WINDOWS\SYSTEM32\wintypes.dll
0x00007ff94a320000 - 0x00007ff94a32a000 	C:\WINDOWS\SYSTEM32\AVRT.dll
0x00007ff952c30000 - 0x00007ff952d97000 	C:\WINDOWS\System32\MSCTF.dll
0x00007ff94fe10000 - 0x00007ff94fe3a000 	C:\WINDOWS\system32\dwmapi.dll
0x00007ff9437c0000 - 0x00007ff943858000 	C:\WINDOWS\System32\TextInputFramework.dll
0x00007ff949af0000 - 0x00007ff949dde000 	C:\WINDOWS\System32\CoreUIComponents.dll
0x00007ff94efa0000 - 0x00007ff94f07d000 	C:\WINDOWS\System32\CoreMessaging.dll
0x00007ff9506a0000 - 0x00007ff9506d1000 	C:\WINDOWS\SYSTEM32\ntmarta.dll
0x0000000066ea0000 - 0x0000000069167000 	C:\WINDOWS\SYSTEM32\nvoglv64.DLL
0x00007ff9527e0000 - 0x00007ff952c2e000 	C:\WINDOWS\System32\SETUPAPI.dll
0x00007ff94cbc0000 - 0x00007ff94cbd3000 	C:\WINDOWS\SYSTEM32\WTSAPI32.dll
0x00007ff951af0000 - 0x00007ff951b48000 	C:\WINDOWS\System32\WINTRUST.dll
0x00007ff951580000 - 0x00007ff951592000 	C:\WINDOWS\System32\MSASN1.dll
0x00007ff951b50000 - 0x00007ff951d1e000 	C:\WINDOWS\System32\CRYPT32.dll
0x00007ff93f140000 - 0x00007ff93f2fd000 	C:\WINDOWS\system32\nvspcap64.dll
0x00007ff948310000 - 0x00007ff9483a7000 	C:\WINDOWS\SYSTEM32\mscms.dll
0x00007ff944e10000 - 0x00007ff944e51000 	C:\WINDOWS\SYSTEM32\icm32.dll
0x00007ff950710000 - 0x00007ff950765000 	C:\WINDOWS\SYSTEM32\WINSTA.dll
0x00007ff941880000 - 0x00007ff941a48000 	C:\WINDOWS\SYSTEM32\dbghelp.dll

VM Arguments:
jvm_args: -javaagent:C:\Program Files\JetBrains\IntelliJ IDEA 2017.3.1\lib\idea_rt.jar=54015:C:\Program Files\JetBrains\IntelliJ IDEA 2017.3.1\bin -Dfile.encoding=UTF-8 
java_command: com.mygdx.game.desktop.DesktopLauncher
java_class_path (initial): C:\Users\Dylan\Desktop\Subject_2560\desktop\out\production\classes;C:\Users\Dylan\Desktop\Subject_2560\core\out\production\classes;C:\Users\Dylan\.gradle\caches\modules-2\files-2.1\com.badlogicgames.gdx\gdx-tools\1.9.8\5c32820fccee957cc77990d353297ceed1a63159\gdx-tools-1.9.8.jar;C:\Users\Dylan\.gradle\caches\modules-2\files-2.1\com.badlogicgames.gdx\gdx-backend-lwjgl\1.9.8\b7c138f14ed67ad830ae7597da3d86ae02b20eee\gdx-backend-lwjgl-1.9.8.jar;C:\Users\Dylan\.gradle\caches\modules-2\files-2.1\com.badlogicgames.gdx\gdx-platform\1.9.8\604a2ef2c7c92a5900114757cbd3fb4dcbb8270c\gdx-platform-1.9.8-natives-desktop.jar;C:\Users\Dylan\.gradle\caches\modules-2\files-2.1\com.badlogicgames.gdx\gdx-bullet-platform\1.9.8\be27849ed15241692302a3e8b1c209a7d48276f4\gdx-bullet-platform-1.9.8-natives-desktop.jar;C:\Users\Dylan\.gradle\caches\modules-2\files-2.1\com.badlogicgames.gdx\gdx-controllers-desktop\1.9.8\631f8e4bc387dbf8a7122e2e8729ec1cdc0dc45a\gdx-controllers-desktop-1.9.8.jar;C:\Users\Dylan\.gradle\caches\modules-2\files-2.1\com.badlogicgames.gdx\gdx-controllers-platform\1.9.8\deef23cee3884f579312b2987afd6a377b6eda2e\gdx-controllers-platform-1.9.8-natives-desktop.jar;C:\Users\Dylan\.gradle\caches\modules-2\files-2.1\com.badlogicgames.gdx\gdx-box2d-platform\1.9.8\3195b56f82751d7cd7de85edb6824d17bf479781\gdx-box2d-platform-1.9.8-natives-desktop.jar;C:\Users\Dylan\.gradle\caches\modules-2\files-2.1\com.badlogicgames.gdx\gdx-bullet\1.9.8\7f6d7421bc365d49246b65f0528978fd0c8524ed\gdx-bullet-1.9.8.jar;C:\Users\Dylan\.gradle\caches\modules-2\files-2.1\com.badlogicgames.gdx\gdx-ai\1.8.0\ec30677d8ab1a8b8aa4b853c5f4e4b1361f50bf5\gdx-ai-1.8.0.jar;C:\Users\Dylan\.gradle\caches\modules-2\files-2.1\com.badlogicgames.gdx\gdx-controllers\1.9.8\8cdc9ab6826a74594c3b0084d8a7669f8124592b\gdx-controllers-1.9.8.jar;C:\Users\Dylan\.gradle\caches\modules-2\files-2.1\com.badlogicgames.gdx\gdx-backend-headless\1.9.8\c90fcd61d78d3b3d3ee7e493030b06df984df53b\gdx-backend-headless
Launcher Type: SUN_STANDARD

Logging:
Log output configuration:
#0: stdout all=warning uptime,level,tags
#1: stderr all=off uptime,level,tags

Environment Variables:
PATH=C:\ProgramData\Oracle\Java\javapath;C:\WINDOWS\system32;C:\WINDOWS;C:\WINDOWS\System32\Wbem;C:\WINDOWS\System32\WindowsPowerShell\v1.0\;C:\Program Files (x86)\NVIDIA Corporation\PhysX\Common;C:\WINDOWS\system32;C:\WINDOWS;C:\WINDOWS\System32\Wbem;C:\WINDOWS\System32\WindowsPowerShell\v1.0\;C:\Program Files (x86)\Windows Kits\8.1\Windows Performance Toolkit\;C:\Program Files\Microsoft SQL Server\110\Tools\Binn\;E:\Program Files\Git\cmd;C:\Program Files (x86)\Skype\Phone\;C:\Program Files\Gradle\gradle-4.4\bin;E:\Program Files\16.6_2015_OrCAD Lite_All Products\OpenAccess\bin\win32\opt;E:\Program Files\16.6_2015_OrCAD Lite_All Products\tools\pcb\bin;E:\Program Files\16.6_2015_OrCAD Lite_All Products\tools\fet\bin;E:\Program Files\16.6_2015_OrCAD Lite_All Products\tools\Capture;E:\Program Files\16.6_2015_OrCAD Lite_All Products\tools\PSpice;E:\Program Files\16.6_2015_OrCAD Lite_All Products\tools\specctra\bin;E:\Program Files\16.6_2015_OrCAD Lite_All Products\tools\bin;C:\Users\Dylan\AppData\Local\Programs\Python\Python35-32\Scripts\;C:\Users\Dylan\AppData\Local\Programs\Python\Python35-32\;C:\Users\Dylan\AppData\Local\Microsoft\WindowsApps;E:\Program Files\bin;E:\modelsim_ase\win32aloem;
USERNAME=Dylan
OS=Windows_NT
PROCESSOR_IDENTIFIER=Intel64 Family 6 Model 58 Stepping 9, GenuineIntel



---------------  S Y S T E M  ---------------

OS: Windows 10 , 64 bit Build 16299 (10.0.16299.15)

CPU:total 8 (initial active 8) (4 cores per cpu, 2 threads per core) family 6 model 58 stepping 9, cmov, cx8, fxsr, mmx, sse, sse2, sse3, ssse3, sse4.1, sse4.2, popcnt, avx, aes, clmul, erms, ht, tsc, tscinvbit, tscinv

Memory: 4k page, physical 16720644k(9759848k free), swap 19211012k(8455268k free)

vm_info: Java HotSpot(TM) 64-Bit Server VM (9.0.1+11) for windows-amd64 JRE (9.0.1+11), built on Sep 28 2017 04:54:03 by "mach5one" with MS VC++ 12.0 (VS2013)

END.
